[2024-05-23 19:51:30] [ INFO ] [BD:29] tabla creada con exito
[2024-05-23 19:51:30] [ INFO ] [PacienteDAOH2:48] iniciando la operacion de buscado de un paciente con id : 2
[2024-05-23 19:51:30] [ INFO ] [DomicilioDAOH2:44] iniciando la busqueda de un domicilio con id: 2
[2024-05-28 00:04:00] [ INFO ] [BD:29] tabla creada con exito
[2024-05-28 00:05:18] [ INFO ] [BD:29] tabla creada con exito
[2024-05-28 00:06:25] [ INFO ] [BD:29] tabla creada con exito
[2024-05-28 00:07:26] [ INFO ] [BD:29] tabla creada con exito
[2024-05-28 00:07:32] [ INFO ] [PacienteDAOH2:19] inciando las operaciones de guardado
[2024-05-28 00:07:32] [ INFO ] [DomicilioDAOH2:19] iniciando las operaciones de guardado
[2024-05-28 00:07:32] [ INFO ] [DomicilioDAOH2:33] domicilio guardado
[2024-05-28 00:07:32] [ ERROR] [PacienteDAOH2:41] Cannot invoke "java.time.LocalDate.getYear()" because "date" is null
[2024-05-28 00:07:48] [ INFO ] [PacienteDAOH2:19] inciando las operaciones de guardado
[2024-05-28 00:07:48] [ INFO ] [DomicilioDAOH2:19] iniciando las operaciones de guardado
[2024-05-28 00:07:48] [ INFO ] [DomicilioDAOH2:33] domicilio guardado
[2024-05-28 00:07:48] [ ERROR] [PacienteDAOH2:41] Valor Invalido "6" para el parametro "parameterIndex"
Invalid value "6" for parameter "parameterIndex" [90008-214]
[2024-05-28 00:09:01] [ INFO ] [BD:29] tabla creada con exito
[2024-05-28 00:09:08] [ INFO ] [PacienteDAOH2:19] inciando las operaciones de guardado
[2024-05-28 00:09:08] [ INFO ] [DomicilioDAOH2:19] iniciando las operaciones de guardado
[2024-05-28 00:09:08] [ INFO ] [DomicilioDAOH2:33] domicilio guardado
[2024-05-28 00:09:08] [ ERROR] [PacienteDAOH2:41] Valor Invalido "6" para el parametro "parameterIndex"
Invalid value "6" for parameter "parameterIndex" [90008-214]
[2024-05-28 19:37:41] [ INFO ] [BD:29] tabla creada con exito
[2024-05-28 19:47:47] [ INFO ] [BD:29] tabla creada con exito
[2024-05-28 19:48:02] [ INFO ] [PacienteDAOH2:19] inciando las operaciones de guardado de : Julian
[2024-05-28 19:48:02] [ INFO ] [DomicilioDAOH2:19] iniciando las operaciones de guardado de un domicilio con id: null
[2024-05-28 19:48:02] [ INFO ] [DomicilioDAOH2:33] domicilio guardado
[2024-05-28 19:48:02] [ ERROR] [PacienteDAOH2:41] Valor Invalido "6" para el parametro "parameterIndex"
Invalid value "6" for parameter "parameterIndex" [90008-214]
[2024-05-28 19:50:32] [ INFO ] [BD:29] tabla creada con exito
[2024-05-28 19:50:54] [ INFO ] [BD:29] tabla creada con exito
[2024-05-28 19:51:13] [ INFO ] [PacienteDAOH2:19] inciando las operaciones de guardado de : Julian
[2024-05-28 19:51:13] [ INFO ] [DomicilioDAOH2:19] iniciando las operaciones de guardado de un domicilio con id: null
[2024-05-28 19:51:13] [ INFO ] [DomicilioDAOH2:33] domicilio guardado
[2024-05-28 19:51:13] [ INFO ] [PacienteDAOH2:37] paciente guardado con exito
[2024-05-28 19:51:20] [ INFO ] [PacienteDAOH2:19] inciando las operaciones de guardado de : Julian
[2024-05-28 19:51:20] [ INFO ] [DomicilioDAOH2:19] iniciando las operaciones de guardado de un domicilio con id: null
[2024-05-28 19:51:20] [ INFO ] [DomicilioDAOH2:33] domicilio guardado
[2024-05-28 19:51:20] [ INFO ] [PacienteDAOH2:37] paciente guardado con exito
[2024-05-28 20:05:07] [ INFO ] [BD:29] tabla creada con exito
[2024-05-28 20:05:51] [ INFO ] [PacienteDAOH2:20] inciando las operaciones de guardado de : Julian
[2024-05-28 20:05:51] [ INFO ] [DomicilioDAOH2:20] iniciando las operaciones de guardado de un domicilio con id: null
[2024-05-28 20:05:51] [ INFO ] [DomicilioDAOH2:34] domicilio guardado
[2024-05-28 20:05:51] [ INFO ] [PacienteDAOH2:38] paciente guardado con exito
[2024-05-28 20:05:57] [ INFO ] [PacienteDAOH2:20] inciando las operaciones de guardado de : Julian
[2024-05-28 20:05:57] [ INFO ] [DomicilioDAOH2:20] iniciando las operaciones de guardado de un domicilio con id: null
[2024-05-28 20:05:57] [ INFO ] [DomicilioDAOH2:34] domicilio guardado
[2024-05-28 20:05:57] [ INFO ] [PacienteDAOH2:38] paciente guardado con exito
[2024-05-28 20:07:07] [ INFO ] [PacienteDAOH2:49] iniciando la operacion de buscado de un paciente con id : 4
[2024-05-28 20:07:07] [ INFO ] [DomicilioDAOH2:45] iniciando la busqueda de un domicilio con id: 4
[2024-05-28 20:07:07] [ WARN ] [PacienteDAOH2:81] iniciando las operaciones de actualizacion de un paciente con id : 4
[2024-05-28 20:07:07] [ INFO ] [DomicilioDAOH2:70] iniciando la actualizacion del domicilio con id: 4
[2024-05-28 20:07:07] [ ERROR] [DomicilioDAOH2:83] Error de Sintaxis en sentencia SQL "UPDATE  DOMICILIOS CALLE[*]=?,NUMERO=?, LOCALIDAD=?, PROVINCIA =? WHERE ID=?"; se esperaba "SET"
Syntax error in SQL statement "UPDATE  DOMICILIOS CALLE[*]=?,NUMERO=?, LOCALIDAD=?, PROVINCIA =? WHERE ID=?"; expected "SET"; SQL statement:
UPDATE  DOMICILIOS CALLE=?,NUMERO=?, LOCALIDAD=?, PROVINCIA =? WHERE ID=? [42001-214]
[2024-05-28 20:08:11] [ INFO ] [BD:29] tabla creada con exito
[2024-05-28 20:08:33] [ INFO ] [PacienteDAOH2:20] inciando las operaciones de guardado de : Julian
[2024-05-28 20:08:33] [ INFO ] [DomicilioDAOH2:20] iniciando las operaciones de guardado de un domicilio con id: null
[2024-05-28 20:08:33] [ INFO ] [DomicilioDAOH2:34] domicilio guardado
[2024-05-28 20:08:33] [ INFO ] [PacienteDAOH2:38] paciente guardado con exito
[2024-05-28 20:08:36] [ INFO ] [PacienteDAOH2:20] inciando las operaciones de guardado de : Julian
[2024-05-28 20:08:36] [ INFO ] [DomicilioDAOH2:20] iniciando las operaciones de guardado de un domicilio con id: null
[2024-05-28 20:08:36] [ INFO ] [DomicilioDAOH2:34] domicilio guardado
[2024-05-28 20:08:36] [ INFO ] [PacienteDAOH2:38] paciente guardado con exito
[2024-05-28 20:09:08] [ INFO ] [PacienteDAOH2:49] iniciando la operacion de buscado de un paciente con id : 4
[2024-05-28 20:09:08] [ INFO ] [DomicilioDAOH2:45] iniciando la busqueda de un domicilio con id: 4
[2024-05-28 20:09:08] [ WARN ] [PacienteDAOH2:81] iniciando las operaciones de actualizacion de un paciente con id : 4
[2024-05-28 20:09:08] [ INFO ] [DomicilioDAOH2:70] iniciando la actualizacion del domicilio con id: 4
[2024-05-28 21:40:58] [ INFO ] [BD:29] tabla creada con exito
[2024-05-28 21:41:15] [ INFO ] [PacienteDAOH2:20] inciando las operaciones de guardado de : Julian
[2024-05-28 21:41:15] [ INFO ] [DomicilioDAOH2:20] iniciando las operaciones de guardado de un domicilio con id: null
[2024-05-28 21:41:15] [ INFO ] [DomicilioDAOH2:34] domicilio guardado
[2024-05-28 21:41:15] [ INFO ] [PacienteDAOH2:38] paciente guardado con exito
[2024-05-28 21:41:55] [ INFO ] [PacienteDAOH2:49] iniciando la operacion de buscado de un paciente con id : 1
[2024-05-28 21:41:55] [ INFO ] [DomicilioDAOH2:45] iniciando la busqueda de un domicilio con id: 1
[2024-05-28 21:42:04] [ INFO ] [PacienteDAOH2:49] iniciando la operacion de buscado de un paciente con id : 2
[2024-05-28 21:42:04] [ INFO ] [DomicilioDAOH2:45] iniciando la busqueda de un domicilio con id: 2
[2024-05-28 21:42:10] [ INFO ] [PacienteDAOH2:49] iniciando la operacion de buscado de un paciente con id : 3
[2024-05-28 21:42:10] [ INFO ] [DomicilioDAOH2:45] iniciando la busqueda de un domicilio con id: 3
[2024-05-28 21:42:17] [ INFO ] [PacienteDAOH2:49] iniciando la operacion de buscado de un paciente con id : 4
[2024-05-28 22:11:09] [ WARN ] [BD:39] Error de Sintaxis en sentencia SQL "INSERT INTO DOMICILIOS  (CALLE, NUMERO, LOCALIDAD, PROVINCIA) VALUES ('Siempre Viva',742,'Springfield','USA'),('Av. Uruguay',345,'Punta del Este','Uruguay')[*]INSERT INTO ODONTOLOGOS (MATRICULA, NOMBRE, APELLIDO) VALUES ('ABC10','RENE','VALENZUELA'), ('ABC20','GINA','ARIAS')"
Syntax error in SQL statement "INSERT INTO DOMICILIOS  (CALLE, NUMERO, LOCALIDAD, PROVINCIA) VALUES ('Siempre Viva',742,'Springfield','USA'),('Av. Uruguay',345,'Punta del Este','Uruguay')[*]INSERT INTO ODONTOLOGOS (MATRICULA, NOMBRE, APELLIDO) VALUES ('ABC10','RENE','VALENZUELA'), ('ABC20','GINA','ARIAS')"; SQL statement:
INSERT INTO DOMICILIOS  (CALLE, NUMERO, LOCALIDAD, PROVINCIA) VALUES ('Siempre Viva',742,'Springfield','USA'),('Av. Uruguay',345,'Punta del Este','Uruguay')INSERT INTO ODONTOLOGOS (MATRICULA, NOMBRE, APELLIDO) VALUES ('ABC10','RENE','VALENZUELA'), ('ABC20','GINA','ARIAS') [42000-214]
[2024-05-28 22:12:06] [ INFO ] [BD:34] tabla creada con exito
[2024-05-28 22:13:29] [ INFO ] [OdontologoDAOH2:24] iniciando las operaciones de: 
[2024-05-30 19:52:00] [ INFO ] [BD:34] tabla creada con exito
[2024-05-30 19:52:37] [ INFO ] [PacienteDAOH2:20] inciando las operaciones de guardado de : Julian
[2024-05-30 19:52:37] [ INFO ] [DomicilioDAOH2:20] iniciando las operaciones de guardado de un domicilio con id: null
[2024-05-30 19:52:37] [ INFO ] [DomicilioDAOH2:34] domicilio guardado
[2024-05-30 19:52:37] [ INFO ] [PacienteDAOH2:38] paciente guardado con exito
[2024-05-30 19:52:48] [ INFO ] [OdontologoDAOH2:24] iniciando las operaciones de: guardado de :  ABC30
[2024-05-30 19:54:37] [ INFO ] [PacienteDAOH2:49] iniciando la operacion de buscado de un paciente con id : 1
[2024-05-30 19:54:37] [ INFO ] [DomicilioDAOH2:45] iniciando la busqueda de un domicilio con id: 1
[2024-05-30 19:54:37] [ INFO ] [OdontologoDAOH2:46] iniciando las operaciones de:  buscado por ID: 2
[2024-05-30 19:54:37] [ INFO ] [TurnoDAOLISTA:14] iniciando las operaciones de guardado de un turno
[2024-05-30 19:58:33] [ INFO ] [BD:34] tabla creada con exito
[2024-05-30 19:59:01] [ INFO ] [PacienteDAOH2:49] iniciando la operacion de buscado de un paciente con id : 1
[2024-05-30 19:59:01] [ INFO ] [DomicilioDAOH2:45] iniciando la busqueda de un domicilio con id: 1
[2024-05-30 19:59:01] [ INFO ] [OdontologoDAOH2:46] iniciando las operaciones de:  buscado por ID: 2
[2024-05-30 19:59:01] [ INFO ] [TurnoDAOLISTA:14] iniciando las operaciones de guardado de un turno
[2024-05-30 19:59:01] [ INFO ] [TurnoDAOLISTA:20] turno guardado con exito
[2024-05-30 20:01:29] [ INFO ] [BD:34] tabla creada con exito
[2024-05-30 20:01:40] [ INFO ] [PacienteDAOH2:49] iniciando la operacion de buscado de un paciente con id : 1
[2024-05-30 20:01:40] [ INFO ] [DomicilioDAOH2:45] iniciando la busqueda de un domicilio con id: 1
[2024-05-30 20:01:40] [ INFO ] [OdontologoDAOH2:46] iniciando las operaciones de:  buscado por ID: 2
[2024-05-30 20:01:40] [ INFO ] [TurnoDAOLISTA:14] iniciando las operaciones de guardado de un turno
[2024-05-30 20:01:40] [ INFO ] [PacienteDAOH2:49] iniciando la operacion de buscado de un paciente con id : 1
[2024-05-30 20:01:40] [ INFO ] [DomicilioDAOH2:45] iniciando la busqueda de un domicilio con id: 1
[2024-05-30 20:01:40] [ INFO ] [OdontologoDAOH2:46] iniciando las operaciones de:  buscado por ID: 2
[2024-05-30 20:01:40] [ INFO ] [TurnoDAOLISTA:20] turno guardado con exito
[2024-05-30 20:02:36] [ INFO ] [PacienteDAOH2:49] iniciando la operacion de buscado de un paciente con id : 1
[2024-05-30 20:02:36] [ INFO ] [DomicilioDAOH2:45] iniciando la busqueda de un domicilio con id: 1
[2024-05-30 20:02:36] [ INFO ] [OdontologoDAOH2:46] iniciando las operaciones de:  buscado por ID: 20
[2024-05-30 20:03:17] [ INFO ] [PacienteDAOH2:20] inciando las operaciones de guardado de : Julian
[2024-05-30 20:03:17] [ INFO ] [DomicilioDAOH2:20] iniciando las operaciones de guardado de un domicilio con id: null
[2024-05-30 20:03:17] [ INFO ] [DomicilioDAOH2:34] domicilio guardado
[2024-05-30 20:03:17] [ INFO ] [PacienteDAOH2:38] paciente guardado con exito
[2024-05-30 20:03:20] [ INFO ] [OdontologoDAOH2:24] iniciando las operaciones de: guardado de :  ABC30
[2024-05-30 20:03:30] [ INFO ] [PacienteDAOH2:49] iniciando la operacion de buscado de un paciente con id : 3
[2024-05-30 20:03:30] [ INFO ] [DomicilioDAOH2:45] iniciando la busqueda de un domicilio con id: 3
[2024-05-30 20:03:30] [ INFO ] [OdontologoDAOH2:46] iniciando las operaciones de:  buscado por ID: 3
[2024-05-30 20:03:30] [ INFO ] [TurnoDAOLISTA:14] iniciando las operaciones de guardado de un turno
[2024-05-30 20:03:30] [ INFO ] [PacienteDAOH2:49] iniciando la operacion de buscado de un paciente con id : 3
[2024-05-30 20:03:30] [ INFO ] [DomicilioDAOH2:45] iniciando la busqueda de un domicilio con id: 3
[2024-05-30 20:03:30] [ INFO ] [OdontologoDAOH2:46] iniciando las operaciones de:  buscado por ID: 3
[2024-05-30 20:03:30] [ INFO ] [TurnoDAOLISTA:20] turno guardado con exito
[2024-05-30 21:41:00] [ INFO ] [BD:34] tabla creada con exito
[2024-05-30 21:41:50] [ INFO ] [BD:34] tabla creada con exito
[2024-05-30 21:53:08] [ INFO ] [BD:34] tabla creada con exito
[2024-05-30 21:53:29] [ INFO ] [OdontologoDAOH2:92] iniciando las operaciones de:  listado de todos los odontologos
[2024-05-30 21:54:11] [ INFO ] [OdontologoDAOH2:24] iniciando las operaciones de: guardado de :  ABC30
[2024-05-30 21:54:15] [ INFO ] [OdontologoDAOH2:92] iniciando las operaciones de:  listado de todos los odontologos
